11:02:54 ----------------------------------------------------------------------------------------------------
11:02:54 [CheckSystemInformation] ClientVersion: PREMIUM, SystemVersion: 6.2.9200, MemoryUsage: 5490/15817mb
11:02:54 [SplashScreen] SplashType: 0, TextSwitch: 1, DisplayText: Licensed to: Powered by SetecSoft
11:03:15 [CConnection::Connect] connect() failed with error: 10060
11:03:15 [SplashScreen] SplashType: 2, TextSwitch: 1, DisplayText: Could not connect to the server
11:05:43 ----------------------------------------------------------------------------------------------------
11:05:43 [CheckSystemInformation] ClientVersion: PREMIUM, SystemVersion: 6.2.9200, MemoryUsage: 5481/15817mb
11:05:43 [SplashScreen] SplashType: 0, TextSwitch: 1, DisplayText: Licensed to: MU
11:05:44 [CHClientInfoSend] IsReconnect: 0, ClientFileCRC: 7F6631B2, HackVersion: PREMIUM, HardwareId: 08E3877F-A2CA84B3-B0638D74-B9049ED3
11:05:44 [HCClientInfoRecv] Result: 0, EncDecKey: 0 - 0, InternalVersion: 0, Reconnect: 1, MemoryGuard: 0 - 3, MacroProtect: 1 - 6, MemoryAddress: E611B2 - E61F68 - E61F70 - 8793718 - 8128AC8 - E8C578 - 9D0040 - 9CFC26
11:05:44 [HCDumpListRecv] Count: 113, MaxCount: 598
11:05:44 [HCDumpListRecv] Count: 113, MaxCount: 598
11:05:44 [HCDumpListRecv] Count: 113, MaxCount: 598
11:05:44 [HCDumpListRecv] Count: 113, MaxCount: 598
11:05:44 [HCDumpListRecv] Count: 113, MaxCount: 598
11:05:44 [HCDumpListRecv] Count: 33, MaxCount: 598
11:05:44 [HCChecksumListRecv] Count: 0, MaxCount: 0
11:05:44 [HCInternalListRecv] Count: 15, MaxCount: 15
11:05:44 [HCWindowListRecv] Count: 35, MaxCount: 35
11:05:44 [EntryProc] DumpListMaxCount: 598, ChecksumListMaxCount: 0, InternalListMaxCount: 15, WindowListMaxCount: 35
11:05:46 [EntryProc] Initialization successful
