13:41:28 ----------------------------------------------------------------------------------------------------
13:41:28 [CheckSystemInformation] ClientVersion: PREMIUM, SystemVersion: 6.2.9200, MemoryUsage: 6601/16296mb
13:41:28 [SplashScreen] SplashType: 0, TextSwitch: 1, DisplayText: Licensed to: Powered by SetecSoft
13:41:28 [CHClientInfoSend] IsReconnect: 0, ClientFileCRC: CC937585, HackVersion: PREMIUM, HardwareId: 0F818519-DECD9ECB-C26D8A7A-890BEED6
13:41:28 [HCClientInfoRecv] Result: 0, EncDecKey: 0 - 0, InternalVersion: 0, Reconnect: 1, MemoryGuard: 0 - 3, MacroProtect: 1 - 6, MemoryAddress: E611B2 - E61F68 - E61F70 - 8793718 - 8128AC8 - E8C578 - 9D0040 - 9CFC26
13:41:28 [HCDumpListRecv] Count: 113, MaxCount: 598
13:41:28 [HCDumpListRecv] Count: 113, MaxCount: 598
13:41:28 [HCDumpListRecv] Count: 113, MaxCount: 598
13:41:28 [HCDumpListRecv] Count: 113, MaxCount: 598
13:41:28 [HCDumpListRecv] Count: 113, MaxCount: 598
13:41:28 [HCDumpListRecv] Count: 33, MaxCount: 598
13:41:28 [HCChecksumListRecv] Count: 0, MaxCount: 0
13:41:28 [HCInternalListRecv] Count: 15, MaxCount: 15
13:41:28 [HCWindowListRecv] Count: 35, MaxCount: 35
13:41:29 [EntryProc] DumpListMaxCount: 598, ChecksumListMaxCount: 0, InternalListMaxCount: 15, WindowListMaxCount: 35
13:41:31 [EntryProc] Initialization successful
13:47:49 [CConnection::ClientWorkerThread] FD_CLOSE failed with error: 10053
13:47:49 [CConnection::DataSend] send() failed with error: 10054
13:47:57 [CConnection::Connect] connect() failed with error: 10061
13:48:02 [CHClientInfoSend] IsReconnect: 1, ClientFileCRC: CC937585, HackVersion: PREMIUM, HardwareId: 0F818519-DECD9ECB-C26D8A7A-890BEED6
14:07:00 [CConnection::ClientWorkerThread] FD_CLOSE failed with error: 10053
